<?xml version="1.0" encoding="UTF-8"?>
<testsuite xmlns:xsi="http://www.w3.org/2001/XMLSchema-instance" xsi:noNamespaceSchemaLocation="https://maven.apache.org/surefire/maven-surefire-plugin/xsd/surefire-test-report.xsd" name="JDBCTest" time="0.001" tests="0" errors="0" skipped="0" failures="0">
  <properties>
    <property name="gopherProxySet" value="false"/>
    <property name="awt.toolkit" value="sun.lwawt.macosx.LWCToolkit"/>
    <property name="java.specification.version" value="11"/>
    <property name="sun.cpu.isalist" value=""/>
    <property name="sun.jnu.encoding" value="UTF-8"/>
    <property name="java.class.path" value="/Users/doraemon/Desktop/UploadGit-hub/shz/login/target/test-classes:/Users/doraemon/Desktop/UploadGit-hub/shz/login/target/classes:/Users/doraemon/Downloads/maven/apache-maven-3.9.3/dependencies/org/springframework/boot/spring-boot-starter-web/2.2.4.RELEASE/spring-boot-starter-web-2.2.4.RELEASE.jar:/Users/doraemon/Downloads/maven/apache-maven-3.9.3/dependencies/org/springframework/boot/spring-boot-starter/2.2.4.RELEASE/spring-boot-starter-2.2.4.RELEASE.jar:/Users/doraemon/Downloads/maven/apache-maven-3.9.3/dependencies/org/springframework/boot/spring-boot/2.2.4.RELEASE/spring-boot-2.2.4.RELEASE.jar:/Users/doraemon/Downloads/maven/apache-maven-3.9.3/dependencies/org/springframework/boot/spring-boot-autoconfigure/2.2.4.RELEASE/spring-boot-autoconfigure-2.2.4.RELEASE.jar:/Users/doraemon/Downloads/maven/apache-maven-3.9.3/dependencies/org/springframework/boot/spring-boot-starter-logging/2.2.4.RELEASE/spring-boot-starter-logging-2.2.4.RELEASE.jar:/Users/doraemon/Downloads/maven/apache-maven-3.9.3/dependencies/ch/qos/logback/logback-classic/1.2.3/logback-classic-1.2.3.jar:/Users/doraemon/Downloads/maven/apache-maven-3.9.3/dependencies/ch/qos/logback/logback-core/1.2.3/logback-core-1.2.3.jar:/Users/doraemon/Downloads/maven/apache-maven-3.9.3/dependencies/org/apache/logging/log4j/log4j-to-slf4j/2.12.1/log4j-to-slf4j-2.12.1.jar:/Users/doraemon/Downloads/maven/apache-maven-3.9.3/dependencies/org/apache/logging/log4j/log4j-api/2.12.1/log4j-api-2.12.1.jar:/Users/doraemon/Downloads/maven/apache-maven-3.9.3/dependencies/org/slf4j/jul-to-slf4j/1.7.30/jul-to-slf4j-1.7.30.jar:/Users/doraemon/Downloads/maven/apache-maven-3.9.3/dependencies/jakarta/annotation/jakarta.annotation-api/1.3.5/jakarta.annotation-api-1.3.5.jar:/Users/doraemon/Downloads/maven/apache-maven-3.9.3/dependencies/org/yaml/snakeyaml/1.25/snakeyaml-1.25.jar:/Users/doraemon/Downloads/maven/apache-maven-3.9.3/dependencies/org/springframework/boot/spring-boot-starter-json/2.2.4.RELEASE/spring-boot-starter-json-2.2.4.RELEASE.jar:/Users/doraemon/Downloads/maven/apache-maven-3.9.3/dependencies/com/fasterxml/jackson/core/jackson-databind/2.10.2/jackson-databind-2.10.2.jar:/Users/doraemon/Downloads/maven/apache-maven-3.9.3/dependencies/com/fasterxml/jackson/core/jackson-annotations/2.10.2/jackson-annotations-2.10.2.jar:/Users/doraemon/Downloads/maven/apache-maven-3.9.3/dependencies/com/fasterxml/jackson/core/jackson-core/2.10.2/jackson-core-2.10.2.jar:/Users/doraemon/Downloads/maven/apache-maven-3.9.3/dependencies/com/fasterxml/jackson/datatype/jackson-datatype-jdk8/2.10.2/jackson-datatype-jdk8-2.10.2.jar:/Users/doraemon/Downloads/maven/apache-maven-3.9.3/dependencies/com/fasterxml/jackson/datatype/jackson-datatype-jsr310/2.10.2/jackson-datatype-jsr310-2.10.2.jar:/Users/doraemon/Downloads/maven/apache-maven-3.9.3/dependencies/com/fasterxml/jackson/module/jackson-module-parameter-names/2.10.2/jackson-module-parameter-names-2.10.2.jar:/Users/doraemon/Downloads/maven/apache-maven-3.9.3/dependencies/org/springframework/boot/spring-boot-starter-tomcat/2.2.4.RELEASE/spring-boot-starter-tomcat-2.2.4.RELEASE.jar:/Users/doraemon/Downloads/maven/apache-maven-3.9.3/dependencies/org/apache/tomcat/embed/tomcat-embed-core/9.0.30/tomcat-embed-core-9.0.30.jar:/Users/doraemon/Downloads/maven/apache-maven-3.9.3/dependencies/org/apache/tomcat/embed/tomcat-embed-el/9.0.30/tomcat-embed-el-9.0.30.jar:/Users/doraemon/Downloads/maven/apache-maven-3.9.3/dependencies/org/apache/tomcat/embed/tomcat-embed-websocket/9.0.30/tomcat-embed-websocket-9.0.30.jar:/Users/doraemon/Downloads/maven/apache-maven-3.9.3/dependencies/org/springframework/boot/spring-boot-starter-validation/2.2.4.RELEASE/spring-boot-starter-validation-2.2.4.RELEASE.jar:/Users/doraemon/Downloads/maven/apache-maven-3.9.3/dependencies/jakarta/validation/jakarta.validation-api/2.0.2/jakarta.validation-api-2.0.2.jar:/Users/doraemon/Downloads/maven/apache-maven-3.9.3/dependencies/org/hibernate/validator/hibernate-validator/6.0.18.Final/hibernate-validator-6.0.18.Final.jar:/Users/doraemon/Downloads/maven/apache-maven-3.9.3/dependencies/org/springframework/spring-web/5.2.3.RELEASE/spring-web-5.2.3.RELEASE.jar:/Users/doraemon/Downloads/maven/apache-maven-3.9.3/dependencies/org/springframework/spring-webmvc/5.2.3.RELEASE/spring-webmvc-5.2.3.RELEASE.jar:/Users/doraemon/Downloads/maven/apache-maven-3.9.3/dependencies/org/springframework/spring-expression/5.2.3.RELEASE/spring-expression-5.2.3.RELEASE.jar:/Users/doraemon/Downloads/maven/apache-maven-3.9.3/dependencies/org/springframework/boot/spring-boot-starter-thymeleaf/2.2.10.RELEASE/spring-boot-starter-thymeleaf-2.2.10.RELEASE.jar:/Users/doraemon/Downloads/maven/apache-maven-3.9.3/dependencies/org/thymeleaf/thymeleaf-spring5/3.0.11.RELEASE/thymeleaf-spring5-3.0.11.RELEASE.jar:/Users/doraemon/Downloads/maven/apache-maven-3.9.3/dependencies/org/thymeleaf/thymeleaf/3.0.11.RELEASE/thymeleaf-3.0.11.RELEASE.jar:/Users/doraemon/Downloads/maven/apache-maven-3.9.3/dependencies/org/attoparser/attoparser/2.0.5.RELEASE/attoparser-2.0.5.RELEASE.jar:/Users/doraemon/Downloads/maven/apache-maven-3.9.3/dependencies/org/unbescape/unbescape/1.1.6.RELEASE/unbescape-1.1.6.RELEASE.jar:/Users/doraemon/Downloads/maven/apache-maven-3.9.3/dependencies/org/thymeleaf/extras/thymeleaf-extras-java8time/3.0.4.RELEASE/thymeleaf-extras-java8time-3.0.4.RELEASE.jar:/Users/doraemon/Downloads/maven/apache-maven-3.9.3/dependencies/mysql/mysql-connector-java/8.0.19/mysql-connector-java-8.0.19.jar:/Users/doraemon/Downloads/maven/apache-maven-3.9.3/dependencies/org/springframework/boot/spring-boot-starter-data-jpa/2.2.4.RELEASE/spring-boot-starter-data-jpa-2.2.4.RELEASE.jar:/Users/doraemon/Downloads/maven/apache-maven-3.9.3/dependencies/org/springframework/boot/spring-boot-starter-aop/2.2.4.RELEASE/spring-boot-starter-aop-2.2.4.RELEASE.jar:/Users/doraemon/Downloads/maven/apache-maven-3.9.3/dependencies/org/aspectj/aspectjweaver/1.9.5/aspectjweaver-1.9.5.jar:/Users/doraemon/Downloads/maven/apache-maven-3.9.3/dependencies/org/springframework/boot/spring-boot-starter-jdbc/2.2.4.RELEASE/spring-boot-starter-jdbc-2.2.4.RELEASE.jar:/Users/doraemon/Downloads/maven/apache-maven-3.9.3/dependencies/com/zaxxer/HikariCP/3.4.2/HikariCP-3.4.2.jar:/Users/doraemon/Downloads/maven/apache-maven-3.9.3/dependencies/org/springframework/spring-jdbc/5.2.3.RELEASE/spring-jdbc-5.2.3.RELEASE.jar:/Users/doraemon/Downloads/maven/apache-maven-3.9.3/dependencies/jakarta/activation/jakarta.activation-api/1.2.1/jakarta.activation-api-1.2.1.jar:/Users/doraemon/Downloads/maven/apache-maven-3.9.3/dependencies/jakarta/persistence/jakarta.persistence-api/2.2.3/jakarta.persistence-api-2.2.3.jar:/Users/doraemon/Downloads/maven/apache-maven-3.9.3/dependencies/jakarta/transaction/jakarta.transaction-api/1.3.3/jakarta.transaction-api-1.3.3.jar:/Users/doraemon/Downloads/maven/apache-maven-3.9.3/dependencies/org/hibernate/hibernate-core/5.4.10.Final/hibernate-core-5.4.10.Final.jar:/Users/doraemon/Downloads/maven/apache-maven-3.9.3/dependencies/org/jboss/logging/jboss-logging/3.4.1.Final/jboss-logging-3.4.1.Final.jar:/Users/doraemon/Downloads/maven/apache-maven-3.9.3/dependencies/org/javassist/javassist/3.24.0-GA/javassist-3.24.0-GA.jar:/Users/doraemon/Downloads/maven/apache-maven-3.9.3/dependencies/net/bytebuddy/byte-buddy/1.10.6/byte-buddy-1.10.6.jar:/Users/doraemon/Downloads/maven/apache-maven-3.9.3/dependencies/antlr/antlr/2.7.7/antlr-2.7.7.jar:/Users/doraemon/Downloads/maven/apache-maven-3.9.3/dependencies/org/jboss/jandex/2.1.1.Final/jandex-2.1.1.Final.jar:/Users/doraemon/Downloads/maven/apache-maven-3.9.3/dependencies/com/fasterxml/classmate/1.5.1/classmate-1.5.1.jar:/Users/doraemon/Downloads/maven/apache-maven-3.9.3/dependencies/org/dom4j/dom4j/2.1.1/dom4j-2.1.1.jar:/Users/doraemon/Downloads/maven/apache-maven-3.9.3/dependencies/org/hibernate/common/hibernate-commons-annotations/5.1.0.Final/hibernate-commons-annotations-5.1.0.Final.jar:/Users/doraemon/Downloads/maven/apache-maven-3.9.3/dependencies/org/glassfish/jaxb/jaxb-runtime/2.3.2/jaxb-runtime-2.3.2.jar:/Users/doraemon/Downloads/maven/apache-maven-3.9.3/dependencies/jakarta/xml/bind/jakarta.xml.bind-api/2.3.2/jakarta.xml.bind-api-2.3.2.jar:/Users/doraemon/Downloads/maven/apache-maven-3.9.3/dependencies/org/glassfish/jaxb/txw2/2.3.2/txw2-2.3.2.jar:/Users/doraemon/Downloads/maven/apache-maven-3.9.3/dependencies/com/sun/istack/istack-commons-runtime/3.0.8/istack-commons-runtime-3.0.8.jar:/Users/doraemon/Downloads/maven/apache-maven-3.9.3/dependencies/org/jvnet/staxex/stax-ex/1.8.1/stax-ex-1.8.1.jar:/Users/doraemon/Downloads/maven/apache-maven-3.9.3/dependencies/com/sun/xml/fastinfoset/FastInfoset/1.2.16/FastInfoset-1.2.16.jar:/Users/doraemon/Downloads/maven/apache-maven-3.9.3/dependencies/org/springframework/spring-aspects/5.2.3.RELEASE/spring-aspects-5.2.3.RELEASE.jar:/Users/doraemon/Downloads/maven/apache-maven-3.9.3/dependencies/org/springframework/data/spring-data-jpa/2.2.4.RELEASE/spring-data-jpa-2.2.4.RELEASE.jar:/Users/doraemon/Downloads/maven/apache-maven-3.9.3/dependencies/org/springframework/data/spring-data-commons/2.2.4.RELEASE/spring-data-commons-2.2.4.RELEASE.jar:/Users/doraemon/Downloads/maven/apache-maven-3.9.3/dependencies/org/springframework/spring-orm/5.2.3.RELEASE/spring-orm-5.2.3.RELEASE.jar:/Users/doraemon/Downloads/maven/apache-maven-3.9.3/dependencies/org/springframework/spring-context/5.2.3.RELEASE/spring-context-5.2.3.RELEASE.jar:/Users/doraemon/Downloads/maven/apache-maven-3.9.3/dependencies/org/springframework/spring-aop/5.2.3.RELEASE/spring-aop-5.2.3.RELEASE.jar:/Users/doraemon/Downloads/maven/apache-maven-3.9.3/dependencies/org/springframework/spring-tx/5.2.3.RELEASE/spring-tx-5.2.3.RELEASE.jar:/Users/doraemon/Downloads/maven/apache-maven-3.9.3/dependencies/org/springframework/spring-beans/5.2.3.RELEASE/spring-beans-5.2.3.RELEASE.jar:/Users/doraemon/Downloads/maven/apache-maven-3.9.3/dependencies/org/springframework/spring-core/5.2.3.RELEASE/spring-core-5.2.3.RELEASE.jar:/Users/doraemon/Downloads/maven/apache-maven-3.9.3/dependencies/org/springframework/spring-jcl/5.2.3.RELEASE/spring-jcl-5.2.3.RELEASE.jar:/Users/doraemon/Downloads/maven/apache-maven-3.9.3/dependencies/org/aspectj/aspectjrt/1.9.5/aspectjrt-1.9.5.jar:/Users/doraemon/Downloads/maven/apache-maven-3.9.3/dependencies/org/slf4j/slf4j-api/1.7.30/slf4j-api-1.7.30.jar:/Users/doraemon/Desktop/UploadGit-hub/shz/core/target/core-0.0.1.jar:"/>
    <property name="java.vm.vendor" value="Azul Systems, Inc."/>
    <property name="sun.arch.data.model" value="64"/>
    <property name="java.vendor.url" value="http://www.azul.com/"/>
    <property name="user.timezone" value=""/>
    <property name="java.vm.specification.version" value="11"/>
    <property name="os.name" value="Mac OS X"/>
    <property name="sun.java.launcher" value="SUN_STANDARD"/>
    <property name="user.country" value="IE"/>
    <property name="sun.boot.library.path" value="/Library/Java/JavaVirtualMachines/zulu-11.jdk/Contents/Home/lib"/>
    <property name="sun.java.command" value="/Users/doraemon/Desktop/UploadGit-hub/shz/login/target/surefire/surefirebooter17130353761295775376.jar /Users/doraemon/Desktop/UploadGit-hub/shz/login/target/surefire 2024-05-14T11-09-29_588-jvmRun1 surefire9287621259755672842tmp surefire_07678199907332460201tmp"/>
    <property name="jdk.debug" value="release"/>
    <property name="surefire.test.class.path" value="/Users/doraemon/Desktop/UploadGit-hub/shz/login/target/test-classes:/Users/doraemon/Desktop/UploadGit-hub/shz/login/target/classes:/Users/doraemon/Downloads/maven/apache-maven-3.9.3/dependencies/org/springframework/boot/spring-boot-starter-web/2.2.4.RELEASE/spring-boot-starter-web-2.2.4.RELEASE.jar:/Users/doraemon/Downloads/maven/apache-maven-3.9.3/dependencies/org/springframework/boot/spring-boot-starter/2.2.4.RELEASE/spring-boot-starter-2.2.4.RELEASE.jar:/Users/doraemon/Downloads/maven/apache-maven-3.9.3/dependencies/org/springframework/boot/spring-boot/2.2.4.RELEASE/spring-boot-2.2.4.RELEASE.jar:/Users/doraemon/Downloads/maven/apache-maven-3.9.3/dependencies/org/springframework/boot/spring-boot-autoconfigure/2.2.4.RELEASE/spring-boot-autoconfigure-2.2.4.RELEASE.jar:/Users/doraemon/Downloads/maven/apache-maven-3.9.3/dependencies/org/springframework/boot/spring-boot-starter-logging/2.2.4.RELEASE/spring-boot-starter-logging-2.2.4.RELEASE.jar:/Users/doraemon/Downloads/maven/apache-maven-3.9.3/dependencies/ch/qos/logback/logback-classic/1.2.3/logback-classic-1.2.3.jar:/Users/doraemon/Downloads/maven/apache-maven-3.9.3/dependencies/ch/qos/logback/logback-core/1.2.3/logback-core-1.2.3.jar:/Users/doraemon/Downloads/maven/apache-maven-3.9.3/dependencies/org/apache/logging/log4j/log4j-to-slf4j/2.12.1/log4j-to-slf4j-2.12.1.jar:/Users/doraemon/Downloads/maven/apache-maven-3.9.3/dependencies/org/apache/logging/log4j/log4j-api/2.12.1/log4j-api-2.12.1.jar:/Users/doraemon/Downloads/maven/apache-maven-3.9.3/dependencies/org/slf4j/jul-to-slf4j/1.7.30/jul-to-slf4j-1.7.30.jar:/Users/doraemon/Downloads/maven/apache-maven-3.9.3/dependencies/jakarta/annotation/jakarta.annotation-api/1.3.5/jakarta.annotation-api-1.3.5.jar:/Users/doraemon/Downloads/maven/apache-maven-3.9.3/dependencies/org/yaml/snakeyaml/1.25/snakeyaml-1.25.jar:/Users/doraemon/Downloads/maven/apache-maven-3.9.3/dependencies/org/springframework/boot/spring-boot-starter-json/2.2.4.RELEASE/spring-boot-starter-json-2.2.4.RELEASE.jar:/Users/doraemon/Downloads/maven/apache-maven-3.9.3/dependencies/com/fasterxml/jackson/core/jackson-databind/2.10.2/jackson-databind-2.10.2.jar:/Users/doraemon/Downloads/maven/apache-maven-3.9.3/dependencies/com/fasterxml/jackson/core/jackson-annotations/2.10.2/jackson-annotations-2.10.2.jar:/Users/doraemon/Downloads/maven/apache-maven-3.9.3/dependencies/com/fasterxml/jackson/core/jackson-core/2.10.2/jackson-core-2.10.2.jar:/Users/doraemon/Downloads/maven/apache-maven-3.9.3/dependencies/com/fasterxml/jackson/datatype/jackson-datatype-jdk8/2.10.2/jackson-datatype-jdk8-2.10.2.jar:/Users/doraemon/Downloads/maven/apache-maven-3.9.3/dependencies/com/fasterxml/jackson/datatype/jackson-datatype-jsr310/2.10.2/jackson-datatype-jsr310-2.10.2.jar:/Users/doraemon/Downloads/maven/apache-maven-3.9.3/dependencies/com/fasterxml/jackson/module/jackson-module-parameter-names/2.10.2/jackson-module-parameter-names-2.10.2.jar:/Users/doraemon/Downloads/maven/apache-maven-3.9.3/dependencies/org/springframework/boot/spring-boot-starter-tomcat/2.2.4.RELEASE/spring-boot-starter-tomcat-2.2.4.RELEASE.jar:/Users/doraemon/Downloads/maven/apache-maven-3.9.3/dependencies/org/apache/tomcat/embed/tomcat-embed-core/9.0.30/tomcat-embed-core-9.0.30.jar:/Users/doraemon/Downloads/maven/apache-maven-3.9.3/dependencies/org/apache/tomcat/embed/tomcat-embed-el/9.0.30/tomcat-embed-el-9.0.30.jar:/Users/doraemon/Downloads/maven/apache-maven-3.9.3/dependencies/org/apache/tomcat/embed/tomcat-embed-websocket/9.0.30/tomcat-embed-websocket-9.0.30.jar:/Users/doraemon/Downloads/maven/apache-maven-3.9.3/dependencies/org/springframework/boot/spring-boot-starter-validation/2.2.4.RELEASE/spring-boot-starter-validation-2.2.4.RELEASE.jar:/Users/doraemon/Downloads/maven/apache-maven-3.9.3/dependencies/jakarta/validation/jakarta.validation-api/2.0.2/jakarta.validation-api-2.0.2.jar:/Users/doraemon/Downloads/maven/apache-maven-3.9.3/dependencies/org/hibernate/validator/hibernate-validator/6.0.18.Final/hibernate-validator-6.0.18.Final.jar:/Users/doraemon/Downloads/maven/apache-maven-3.9.3/dependencies/org/springframework/spring-web/5.2.3.RELEASE/spring-web-5.2.3.RELEASE.jar:/Users/doraemon/Downloads/maven/apache-maven-3.9.3/dependencies/org/springframework/spring-webmvc/5.2.3.RELEASE/spring-webmvc-5.2.3.RELEASE.jar:/Users/doraemon/Downloads/maven/apache-maven-3.9.3/dependencies/org/springframework/spring-expression/5.2.3.RELEASE/spring-expression-5.2.3.RELEASE.jar:/Users/doraemon/Downloads/maven/apache-maven-3.9.3/dependencies/org/springframework/boot/spring-boot-starter-thymeleaf/2.2.10.RELEASE/spring-boot-starter-thymeleaf-2.2.10.RELEASE.jar:/Users/doraemon/Downloads/maven/apache-maven-3.9.3/dependencies/org/thymeleaf/thymeleaf-spring5/3.0.11.RELEASE/thymeleaf-spring5-3.0.11.RELEASE.jar:/Users/doraemon/Downloads/maven/apache-maven-3.9.3/dependencies/org/thymeleaf/thymeleaf/3.0.11.RELEASE/thymeleaf-3.0.11.RELEASE.jar:/Users/doraemon/Downloads/maven/apache-maven-3.9.3/dependencies/org/attoparser/attoparser/2.0.5.RELEASE/attoparser-2.0.5.RELEASE.jar:/Users/doraemon/Downloads/maven/apache-maven-3.9.3/dependencies/org/unbescape/unbescape/1.1.6.RELEASE/unbescape-1.1.6.RELEASE.jar:/Users/doraemon/Downloads/maven/apache-maven-3.9.3/dependencies/org/thymeleaf/extras/thymeleaf-extras-java8time/3.0.4.RELEASE/thymeleaf-extras-java8time-3.0.4.RELEASE.jar:/Users/doraemon/Downloads/maven/apache-maven-3.9.3/dependencies/mysql/mysql-connector-java/8.0.19/mysql-connector-java-8.0.19.jar:/Users/doraemon/Downloads/maven/apache-maven-3.9.3/dependencies/org/springframework/boot/spring-boot-starter-data-jpa/2.2.4.RELEASE/spring-boot-starter-data-jpa-2.2.4.RELEASE.jar:/Users/doraemon/Downloads/maven/apache-maven-3.9.3/dependencies/org/springframework/boot/spring-boot-starter-aop/2.2.4.RELEASE/spring-boot-starter-aop-2.2.4.RELEASE.jar:/Users/doraemon/Downloads/maven/apache-maven-3.9.3/dependencies/org/aspectj/aspectjweaver/1.9.5/aspectjweaver-1.9.5.jar:/Users/doraemon/Downloads/maven/apache-maven-3.9.3/dependencies/org/springframework/boot/spring-boot-starter-jdbc/2.2.4.RELEASE/spring-boot-starter-jdbc-2.2.4.RELEASE.jar:/Users/doraemon/Downloads/maven/apache-maven-3.9.3/dependencies/com/zaxxer/HikariCP/3.4.2/HikariCP-3.4.2.jar:/Users/doraemon/Downloads/maven/apache-maven-3.9.3/dependencies/org/springframework/spring-jdbc/5.2.3.RELEASE/spring-jdbc-5.2.3.RELEASE.jar:/Users/doraemon/Downloads/maven/apache-maven-3.9.3/dependencies/jakarta/activation/jakarta.activation-api/1.2.1/jakarta.activation-api-1.2.1.jar:/Users/doraemon/Downloads/maven/apache-maven-3.9.3/dependencies/jakarta/persistence/jakarta.persistence-api/2.2.3/jakarta.persistence-api-2.2.3.jar:/Users/doraemon/Downloads/maven/apache-maven-3.9.3/dependencies/jakarta/transaction/jakarta.transaction-api/1.3.3/jakarta.transaction-api-1.3.3.jar:/Users/doraemon/Downloads/maven/apache-maven-3.9.3/dependencies/org/hibernate/hibernate-core/5.4.10.Final/hibernate-core-5.4.10.Final.jar:/Users/doraemon/Downloads/maven/apache-maven-3.9.3/dependencies/org/jboss/logging/jboss-logging/3.4.1.Final/jboss-logging-3.4.1.Final.jar:/Users/doraemon/Downloads/maven/apache-maven-3.9.3/dependencies/org/javassist/javassist/3.24.0-GA/javassist-3.24.0-GA.jar:/Users/doraemon/Downloads/maven/apache-maven-3.9.3/dependencies/net/bytebuddy/byte-buddy/1.10.6/byte-buddy-1.10.6.jar:/Users/doraemon/Downloads/maven/apache-maven-3.9.3/dependencies/antlr/antlr/2.7.7/antlr-2.7.7.jar:/Users/doraemon/Downloads/maven/apache-maven-3.9.3/dependencies/org/jboss/jandex/2.1.1.Final/jandex-2.1.1.Final.jar:/Users/doraemon/Downloads/maven/apache-maven-3.9.3/dependencies/com/fasterxml/classmate/1.5.1/classmate-1.5.1.jar:/Users/doraemon/Downloads/maven/apache-maven-3.9.3/dependencies/org/dom4j/dom4j/2.1.1/dom4j-2.1.1.jar:/Users/doraemon/Downloads/maven/apache-maven-3.9.3/dependencies/org/hibernate/common/hibernate-commons-annotations/5.1.0.Final/hibernate-commons-annotations-5.1.0.Final.jar:/Users/doraemon/Downloads/maven/apache-maven-3.9.3/dependencies/org/glassfish/jaxb/jaxb-runtime/2.3.2/jaxb-runtime-2.3.2.jar:/Users/doraemon/Downloads/maven/apache-maven-3.9.3/dependencies/jakarta/xml/bind/jakarta.xml.bind-api/2.3.2/jakarta.xml.bind-api-2.3.2.jar:/Users/doraemon/Downloads/maven/apache-maven-3.9.3/dependencies/org/glassfish/jaxb/txw2/2.3.2/txw2-2.3.2.jar:/Users/doraemon/Downloads/maven/apache-maven-3.9.3/dependencies/com/sun/istack/istack-commons-runtime/3.0.8/istack-commons-runtime-3.0.8.jar:/Users/doraemon/Downloads/maven/apache-maven-3.9.3/dependencies/org/jvnet/staxex/stax-ex/1.8.1/stax-ex-1.8.1.jar:/Users/doraemon/Downloads/maven/apache-maven-3.9.3/dependencies/com/sun/xml/fastinfoset/FastInfoset/1.2.16/FastInfoset-1.2.16.jar:/Users/doraemon/Downloads/maven/apache-maven-3.9.3/dependencies/org/springframework/spring-aspects/5.2.3.RELEASE/spring-aspects-5.2.3.RELEASE.jar:/Users/doraemon/Downloads/maven/apache-maven-3.9.3/dependencies/org/springframework/data/spring-data-jpa/2.2.4.RELEASE/spring-data-jpa-2.2.4.RELEASE.jar:/Users/doraemon/Downloads/maven/apache-maven-3.9.3/dependencies/org/springframework/data/spring-data-commons/2.2.4.RELEASE/spring-data-commons-2.2.4.RELEASE.jar:/Users/doraemon/Downloads/maven/apache-maven-3.9.3/dependencies/org/springframework/spring-orm/5.2.3.RELEASE/spring-orm-5.2.3.RELEASE.jar:/Users/doraemon/Downloads/maven/apache-maven-3.9.3/dependencies/org/springframework/spring-context/5.2.3.RELEASE/spring-context-5.2.3.RELEASE.jar:/Users/doraemon/Downloads/maven/apache-maven-3.9.3/dependencies/org/springframework/spring-aop/5.2.3.RELEASE/spring-aop-5.2.3.RELEASE.jar:/Users/doraemon/Downloads/maven/apache-maven-3.9.3/dependencies/org/springframework/spring-tx/5.2.3.RELEASE/spring-tx-5.2.3.RELEASE.jar:/Users/doraemon/Downloads/maven/apache-maven-3.9.3/dependencies/org/springframework/spring-beans/5.2.3.RELEASE/spring-beans-5.2.3.RELEASE.jar:/Users/doraemon/Downloads/maven/apache-maven-3.9.3/dependencies/org/springframework/spring-core/5.2.3.RELEASE/spring-core-5.2.3.RELEASE.jar:/Users/doraemon/Downloads/maven/apache-maven-3.9.3/dependencies/org/springframework/spring-jcl/5.2.3.RELEASE/spring-jcl-5.2.3.RELEASE.jar:/Users/doraemon/Downloads/maven/apache-maven-3.9.3/dependencies/org/aspectj/aspectjrt/1.9.5/aspectjrt-1.9.5.jar:/Users/doraemon/Downloads/maven/apache-maven-3.9.3/dependencies/org/slf4j/slf4j-api/1.7.30/slf4j-api-1.7.30.jar:/Users/doraemon/Desktop/UploadGit-hub/shz/core/target/core-0.0.1.jar:"/>
    <property name="sun.cpu.endian" value="little"/>
    <property name="user.home" value="/Users/doraemon"/>
    <property name="user.language" value="zh"/>
    <property name="java.specification.vendor" value="Oracle Corporation"/>
    <property name="java.version.date" value="2024-01-16"/>
    <property name="java.home" value="/Library/Java/JavaVirtualMachines/zulu-11.jdk/Contents/Home"/>
    <property name="file.separator" value="/"/>
    <property name="basedir" value="/Users/doraemon/Desktop/UploadGit-hub/shz/login"/>
    <property name="java.vm.compressedOopsMode" value="Zero based"/>
    <property name="line.separator" value="&#10;"/>
    <property name="java.specification.name" value="Java Platform API Specification"/>
    <property name="java.vm.specification.vendor" value="Oracle Corporation"/>
    <property name="jdk.vendor.version" value="Zulu11.70+15-CA"/>
    <property name="java.awt.graphicsenv" value="sun.awt.CGraphicsEnvironment"/>
    <property name="surefire.real.class.path" value="/Users/doraemon/Desktop/UploadGit-hub/shz/login/target/surefire/surefirebooter17130353761295775376.jar"/>
    <property name="user.script" value="Hans"/>
    <property name="sun.management.compiler" value="HotSpot 64-Bit Tiered Compilers"/>
    <property name="java.runtime.version" value="11.0.22+7-LTS"/>
    <property name="user.name" value="doraemon"/>
    <property name="path.separator" value=":"/>
    <property name="os.version" value="14.0"/>
    <property name="java.runtime.name" value="OpenJDK Runtime Environment"/>
    <property name="file.encoding" value="UTF-8"/>
    <property name="java.vm.name" value="OpenJDK 64-Bit Server VM"/>
    <property name="java.vendor.version" value="Zulu11.70+15-CA"/>
    <property name="localRepository" value="/Users/doraemon/Downloads/maven/apache-maven-3.9.3/dependencies"/>
    <property name="java.vendor.url.bug" value="http://www.azul.com/support/"/>
    <property name="java.io.tmpdir" value="/var/folders/q9/lw18jmdx7qz7kw1b4t1gyrd40000gn/T/"/>
    <property name="java.version" value="11.0.22"/>
    <property name="user.dir" value="/Users/doraemon/Desktop/UploadGit-hub/shz/login"/>
    <property name="os.arch" value="aarch64"/>
    <property name="java.vm.specification.name" value="Java Virtual Machine Specification"/>
    <property name="java.awt.printerjob" value="sun.lwawt.macosx.CPrinterJob"/>
    <property name="sun.os.patch.level" value="unknown"/>
    <property name="java.library.path" value="/Users/doraemon/Library/Java/Extensions:/Library/Java/Extensions:/Network/Library/Java/Extensions:/System/Library/Java/Extensions:/usr/lib/java:."/>
    <property name="java.vm.info" value="mixed mode"/>
    <property name="java.vendor" value="Azul Systems, Inc."/>
    <property name="java.vm.version" value="11.0.22+7-LTS"/>
    <property name="java.specification.maintenance.version" value="2"/>
    <property name="sun.io.unicode.encoding" value="UnicodeBig"/>
    <property name="java.class.version" value="55.0"/>
  </properties>
</testsuite>