<?xml version="1.0" encoding="UTF-8"?>
<testsuite xmlns:xsi="http://www.w3.org/2001/XMLSchema-instance" xsi:noNamespaceSchemaLocation="https://maven.apache.org/surefire/maven-surefire-plugin/xsd/surefire-test-report-3.0.xsd" version="3.0" name="QuotationServiceUnitTest" time="0.414" tests="1" errors="0" skipped="0" failures="0">
  <properties>
    <property name="gopherProxySet" value="false"/>
    <property name="awt.toolkit" value="sun.lwawt.macosx.LWCToolkit"/>
    <property name="file.encoding.pkg" value="sun.io"/>
    <property name="java.specification.version" value="1.8"/>
    <property name="sun.cpu.isalist" value=""/>
    <property name="sun.jnu.encoding" value="UTF-8"/>
    <property name="java.class.path" value="/Users/doraemon/Desktop/DS_Lab/Lab3_Submit/quoco-ws/task3/broker/target/test-classes:/Users/doraemon/Desktop/DS_Lab/Lab3_Submit/quoco-ws/task3/broker/target/classes:/Users/doraemon/Desktop/DS_Lab/Lab3_Submit/quoco-ws/task3/core/target/core-0.0.1.jar:/Users/doraemon/Downloads/maven/apache-maven-3.9.3/dependencies/junit/junit/4.12/junit-4.12.jar:/Users/doraemon/Downloads/maven/apache-maven-3.9.3/dependencies/org/hamcrest/hamcrest-core/1.3/hamcrest-core-1.3.jar:/Users/doraemon/Desktop/DS_Lab/Lab3_Submit/quoco-ws/task3/auldfellas/target/auldfellas-0.0.1.jar:/Users/doraemon/Desktop/DS_Lab/Lab3_Submit/quoco-ws/task3/dodgygeezers/target/dodgygeezers-0.0.1.jar:/Users/doraemon/Desktop/DS_Lab/Lab3_Submit/quoco-ws/task3/girlsallowed/target/girlsallowed-0.0.1.jar:"/>
    <property name="java.vm.vendor" value="Azul Systems, Inc."/>
    <property name="sun.arch.data.model" value="64"/>
    <property name="java.vendor.url" value="http://www.azul.com/"/>
    <property name="user.timezone" value=""/>
    <property name="java.vm.specification.version" value="1.8"/>
    <property name="os.name" value="Mac OS X"/>
    <property name="user.country" value="CN"/>
    <property name="sun.java.launcher" value="SUN_STANDARD"/>
    <property name="sun.boot.library.path" value="/Library/Java/JavaVirtualMachines/zulu-8.jdk/Contents/Home/jre/lib"/>
    <property name="sun.java.command" value="/Users/doraemon/Desktop/DS_Lab/Lab3_Submit/quoco-ws/task3/broker/target/surefire/surefirebooter-20240220202509855_13.jar /Users/doraemon/Desktop/DS_Lab/Lab3_Submit/quoco-ws/task3/broker/target/surefire 2024-02-20T20-25-06_002-jvmRun1 surefire-20240220202509855_11tmp surefire_3-20240220202509855_12tmp"/>
    <property name="surefire.test.class.path" value="/Users/doraemon/Desktop/DS_Lab/Lab3_Submit/quoco-ws/task3/broker/target/test-classes:/Users/doraemon/Desktop/DS_Lab/Lab3_Submit/quoco-ws/task3/broker/target/classes:/Users/doraemon/Desktop/DS_Lab/Lab3_Submit/quoco-ws/task3/core/target/core-0.0.1.jar:/Users/doraemon/Downloads/maven/apache-maven-3.9.3/dependencies/junit/junit/4.12/junit-4.12.jar:/Users/doraemon/Downloads/maven/apache-maven-3.9.3/dependencies/org/hamcrest/hamcrest-core/1.3/hamcrest-core-1.3.jar:/Users/doraemon/Desktop/DS_Lab/Lab3_Submit/quoco-ws/task3/auldfellas/target/auldfellas-0.0.1.jar:/Users/doraemon/Desktop/DS_Lab/Lab3_Submit/quoco-ws/task3/dodgygeezers/target/dodgygeezers-0.0.1.jar:/Users/doraemon/Desktop/DS_Lab/Lab3_Submit/quoco-ws/task3/girlsallowed/target/girlsallowed-0.0.1.jar:"/>
    <property name="sun.cpu.endian" value="little"/>
    <property name="user.home" value="/Users/doraemon"/>
    <property name="user.language" value="zh"/>
    <property name="java.specification.vendor" value="Oracle Corporation"/>
    <property name="java.home" value="/Library/Java/JavaVirtualMachines/zulu-8.jdk/Contents/Home/jre"/>
    <property name="basedir" value="/Users/doraemon/Desktop/DS_Lab/Lab3_Submit/quoco-ws/task3/broker"/>
    <property name="file.separator" value="/"/>
    <property name="line.separator" value="&#10;"/>
    <property name="jdk.vendor.version" value="Zulu 8.76.0.17-CA-macos-aarch64"/>
    <property name="java.vm.specification.vendor" value="Oracle Corporation"/>
    <property name="java.specification.name" value="Java Platform API Specification"/>
    <property name="java.awt.graphicsenv" value="sun.awt.CGraphicsEnvironment"/>
    <property name="surefire.real.class.path" value="/Users/doraemon/Desktop/DS_Lab/Lab3_Submit/quoco-ws/task3/broker/target/surefire/surefirebooter-20240220202509855_13.jar"/>
    <property name="sun.boot.class.path" value="/Library/Java/JavaVirtualMachines/zulu-8.jdk/Contents/Home/jre/lib/resources.jar:/Library/Java/JavaVirtualMachines/zulu-8.jdk/Contents/Home/jre/lib/rt.jar:/Library/Java/JavaVirtualMachines/zulu-8.jdk/Contents/Home/jre/lib/sunrsasign.jar:/Library/Java/JavaVirtualMachines/zulu-8.jdk/Contents/Home/jre/lib/jsse.jar:/Library/Java/JavaVirtualMachines/zulu-8.jdk/Contents/Home/jre/lib/jce.jar:/Library/Java/JavaVirtualMachines/zulu-8.jdk/Contents/Home/jre/lib/charsets.jar:/Library/Java/JavaVirtualMachines/zulu-8.jdk/Contents/Home/jre/lib/jfr.jar:/Library/Java/JavaVirtualMachines/zulu-8.jdk/Contents/Home/jre/lib/cat.jar:/Library/Java/JavaVirtualMachines/zulu-8.jdk/Contents/Home/jre/classes"/>
    <property name="sun.management.compiler" value="HotSpot 64-Bit Tiered Compilers"/>
    <property name="java.runtime.version" value="1.8.0_402-b06"/>
    <property name="user.name" value="doraemon"/>
    <property name="path.separator" value=":"/>
    <property name="os.version" value="14.0"/>
    <property name="java.endorsed.dirs" value="/Library/Java/JavaVirtualMachines/zulu-8.jdk/Contents/Home/jre/lib/endorsed"/>
    <property name="java.runtime.name" value="OpenJDK Runtime Environment"/>
    <property name="file.encoding" value="UTF-8"/>
    <property name="java.vm.name" value="OpenJDK 64-Bit Server VM"/>
    <property name="localRepository" value="/Users/doraemon/Downloads/maven/apache-maven-3.9.3/dependencies"/>
    <property name="java.vendor.url.bug" value="http://www.azul.com/support/"/>
    <property name="java.io.tmpdir" value="/var/folders/q9/lw18jmdx7qz7kw1b4t1gyrd40000gn/T/"/>
    <property name="java.version" value="1.8.0_402"/>
    <property name="user.dir" value="/Users/doraemon/Desktop/DS_Lab/Lab3_Submit/quoco-ws/task3/broker"/>
    <property name="os.arch" value="aarch64"/>
    <property name="java.vm.specification.name" value="Java Virtual Machine Specification"/>
    <property name="java.awt.printerjob" value="sun.lwawt.macosx.CPrinterJob"/>
    <property name="sun.os.patch.level" value="unknown"/>
    <property name="java.library.path" value="/Users/doraemon/Library/Java/Extensions:/Library/Java/Extensions:/Network/Library/Java/Extensions:/System/Library/Java/Extensions:/usr/lib/java:."/>
    <property name="java.vm.info" value="mixed mode"/>
    <property name="java.vendor" value="Azul Systems, Inc."/>
    <property name="java.vm.version" value="25.402-b06"/>
    <property name="java.specification.maintenance.version" value="5"/>
    <property name="java.ext.dirs" value="/Users/doraemon/Library/Java/Extensions:/Library/Java/JavaVirtualMachines/zulu-8.jdk/Contents/Home/jre/lib/ext:/Library/Java/Extensions:/Network/Library/Java/Extensions:/System/Library/Java/Extensions:/usr/lib/java"/>
    <property name="sun.io.unicode.encoding" value="UnicodeBig"/>
    <property name="java.class.version" value="52.0"/>
  </properties>
  <testcase name="connectionTest" classname="QuotationServiceUnitTest" time="0.226">
    <system-out><![CDATA[|=================================================================================================================|
|                                     |                                     |                                     |
| Name: Niki Collier                  | Gender: Female                      | Age: 49                             |
| Weight/Height: 80.0kg/1.5494m       | Smoker: NO                          | Medical Problems: NO                |
|                                     |                                     |                                     |
|=================================================================================================================|
| Company: Auld Fellas Ltd.           | Reference: AF001000                 | Price: ￥751.20                      |
|=================================================================================================================|
| Company: Dodgy Geezers Corp.        | Reference: DG001000                 | Price: ￥717.40                      |
|=================================================================================================================|
| Company: Girls Allowed Inc.         | Reference: GA001000                 | Price: ￥597.80                      |
|=================================================================================================================|


|=================================================================================================================|
|                                     |                                     |                                     |
| Name: Old Geeza                     | Gender: Male                        | Age: 65                             |
| Weight/Height: 100.0kg/1.6m         | Smoker: YES                         | Medical Problems: YES               |
|                                     |                                     |                                     |
|=================================================================================================================|
| Company: Auld Fellas Ltd.           | Reference: AF001001                 | Price: ￥442.00                      |
|=================================================================================================================|
| Company: Dodgy Geezers Corp.        | Reference: DG001001                 | Price: ￥704.25                      |
|=================================================================================================================|
| Company: Girls Allowed Inc.         | Reference: GA001001                 | Price: ￥1,631.70                    |
|=================================================================================================================|


|=================================================================================================================|
|                                     |                                     |                                     |
| Name: Hannah Montana                | Gender: Female                      | Age: 21                             |
| Weight/Height: 65.0kg/1.78m         | Smoker: NO                          | Medical Problems: NO                |
|                                     |                                     |                                     |
|=================================================================================================================|
| Company: Auld Fellas Ltd.           | Reference: AF001002                 | Price: ￥1,100.40                    |
|=================================================================================================================|
| Company: Dodgy Geezers Corp.        | Reference: DG001002                 | Price: ￥918.65                      |
|=================================================================================================================|
| Company: Girls Allowed Inc.         | Reference: GA001002                 | Price: ￥344.00                      |
|=================================================================================================================|


|=================================================================================================================|
|                                     |                                     |                                     |
| Name: Rem Collier                   | Gender: Male                        | Age: 49                             |
| Weight/Height: 120.0kg/1.8m         | Smoker: NO                          | Medical Problems: YES               |
|                                     |                                     |                                     |
|=================================================================================================================|
| Company: Auld Fellas Ltd.           | Reference: AF001003                 | Price: ￥710.50                      |
|=================================================================================================================|
| Company: Dodgy Geezers Corp.        | Reference: DG001003                 | Price: ￥740.35                      |
|=================================================================================================================|
| Company: Girls Allowed Inc.         | Reference: GA001003                 | Price: ￥1,098.20                    |
|=================================================================================================================|


|=================================================================================================================|
|                                     |                                     |                                     |
| Name: Jim Quinn                     | Gender: Male                        | Age: 55                             |
| Weight/Height: 75.0kg/1.9m          | Smoker: YES                         | Medical Problems: NO                |
|                                     |                                     |                                     |
|=================================================================================================================|
| Company: Auld Fellas Ltd.           | Reference: AF001004                 | Price: ￥650.40                      |
|=================================================================================================================|
| Company: Dodgy Geezers Corp.        | Reference: DG001004                 | Price: ￥843.20                      |
|=================================================================================================================|
| Company: Girls Allowed Inc.         | Reference: GA001004                 | Price: ￥1,409.60                    |
|=================================================================================================================|


|=================================================================================================================|
|                                     |                                     |                                     |
| Name: Donald Duck                   | Gender: Male                        | Age: 35                             |
| Weight/Height: 1.6kg/0.45m          | Smoker: NO                          | Medical Problems: NO                |
|                                     |                                     |                                     |
|=================================================================================================================|
| Company: Auld Fellas Ltd.           | Reference: AF001005                 | Price: ￥537.60                      |
|=================================================================================================================|
| Company: Dodgy Geezers Corp.        | Reference: DG001005                 | Price: ￥836.00                      |
|=================================================================================================================|
| Company: Girls Allowed Inc.         | Reference: GA001005                 | Price: ￥992.20                      |
|=================================================================================================================|


]]></system-out>
  </testcase>
</testsuite>