<?xml version="1.0" encoding="UTF-8"?>
<testsuite xmlns:xsi="http://www.w3.org/2001/XMLSchema-instance" xsi:noNamespaceSchemaLocation="https://maven.apache.org/surefire/maven-surefire-plugin/xsd/surefire-test-report-3.0.xsd" version="3.0" name="QuotationServiceUnitTest" time="0.181" tests="1" errors="1" skipped="0" failures="0">
  <properties>
    <property name="gopherProxySet" value="false"/>
    <property name="awt.toolkit" value="sun.lwawt.macosx.LWCToolkit"/>
    <property name="file.encoding.pkg" value="sun.io"/>
    <property name="java.specification.version" value="1.8"/>
    <property name="sun.cpu.isalist" value=""/>
    <property name="sun.jnu.encoding" value="UTF-8"/>
    <property name="java.class.path" value="/Users/doraemon/Desktop/DS_Lab/Lab3_Submit/quoco-ws/task4/broker/target/test-classes:/Users/doraemon/Desktop/DS_Lab/Lab3_Submit/quoco-ws/task4/broker/target/classes:/Users/doraemon/Desktop/DS_Lab/Lab3_Submit/quoco-ws/task4/core/target/core-0.0.1.jar:/Users/doraemon/Downloads/maven/apache-maven-3.9.3/dependencies/junit/junit/4.12/junit-4.12.jar:/Users/doraemon/Downloads/maven/apache-maven-3.9.3/dependencies/org/hamcrest/hamcrest-core/1.3/hamcrest-core-1.3.jar:/Users/doraemon/Desktop/DS_Lab/Lab3_Submit/quoco-ws/task4/auldfellas/target/auldfellas-0.0.1.jar:/Users/doraemon/Desktop/DS_Lab/Lab3_Submit/quoco-ws/task4/dodgygeezers/target/dodgygeezers-0.0.1.jar:/Users/doraemon/Desktop/DS_Lab/Lab3_Submit/quoco-ws/task4/girlsallowed/target/girlsallowed-0.0.1.jar:"/>
    <property name="java.vm.vendor" value="Azul Systems, Inc."/>
    <property name="sun.arch.data.model" value="64"/>
    <property name="java.vendor.url" value="http://www.azul.com/"/>
    <property name="user.timezone" value=""/>
    <property name="java.vm.specification.version" value="1.8"/>
    <property name="os.name" value="Mac OS X"/>
    <property name="user.country" value="CN"/>
    <property name="sun.java.launcher" value="SUN_STANDARD"/>
    <property name="sun.boot.library.path" value="/Library/Java/JavaVirtualMachines/zulu-8.jdk/Contents/Home/jre/lib"/>
    <property name="sun.java.command" value="/Users/doraemon/Desktop/DS_Lab/Lab3_Submit/quoco-ws/task4/broker/target/surefire/surefirebooter-20240219214930261_13.jar /Users/doraemon/Desktop/DS_Lab/Lab3_Submit/quoco-ws/task4/broker/target/surefire 2024-02-19T21-49-26_310-jvmRun1 surefire-20240219214930261_11tmp surefire_3-20240219214930261_12tmp"/>
    <property name="surefire.test.class.path" value="/Users/doraemon/Desktop/DS_Lab/Lab3_Submit/quoco-ws/task4/broker/target/test-classes:/Users/doraemon/Desktop/DS_Lab/Lab3_Submit/quoco-ws/task4/broker/target/classes:/Users/doraemon/Desktop/DS_Lab/Lab3_Submit/quoco-ws/task4/core/target/core-0.0.1.jar:/Users/doraemon/Downloads/maven/apache-maven-3.9.3/dependencies/junit/junit/4.12/junit-4.12.jar:/Users/doraemon/Downloads/maven/apache-maven-3.9.3/dependencies/org/hamcrest/hamcrest-core/1.3/hamcrest-core-1.3.jar:/Users/doraemon/Desktop/DS_Lab/Lab3_Submit/quoco-ws/task4/auldfellas/target/auldfellas-0.0.1.jar:/Users/doraemon/Desktop/DS_Lab/Lab3_Submit/quoco-ws/task4/dodgygeezers/target/dodgygeezers-0.0.1.jar:/Users/doraemon/Desktop/DS_Lab/Lab3_Submit/quoco-ws/task4/girlsallowed/target/girlsallowed-0.0.1.jar:"/>
    <property name="sun.cpu.endian" value="little"/>
    <property name="user.home" value="/Users/doraemon"/>
    <property name="user.language" value="zh"/>
    <property name="java.specification.vendor" value="Oracle Corporation"/>
    <property name="java.home" value="/Library/Java/JavaVirtualMachines/zulu-8.jdk/Contents/Home/jre"/>
    <property name="basedir" value="/Users/doraemon/Desktop/DS_Lab/Lab3_Submit/quoco-ws/task4/broker"/>
    <property name="file.separator" value="/"/>
    <property name="line.separator" value="&#10;"/>
    <property name="jdk.vendor.version" value="Zulu 8.76.0.17-CA-macos-aarch64"/>
    <property name="java.vm.specification.vendor" value="Oracle Corporation"/>
    <property name="java.specification.name" value="Java Platform API Specification"/>
    <property name="java.awt.graphicsenv" value="sun.awt.CGraphicsEnvironment"/>
    <property name="surefire.real.class.path" value="/Users/doraemon/Desktop/DS_Lab/Lab3_Submit/quoco-ws/task4/broker/target/surefire/surefirebooter-20240219214930261_13.jar"/>
    <property name="sun.boot.class.path" value="/Library/Java/JavaVirtualMachines/zulu-8.jdk/Contents/Home/jre/lib/resources.jar:/Library/Java/JavaVirtualMachines/zulu-8.jdk/Contents/Home/jre/lib/rt.jar:/Library/Java/JavaVirtualMachines/zulu-8.jdk/Contents/Home/jre/lib/sunrsasign.jar:/Library/Java/JavaVirtualMachines/zulu-8.jdk/Contents/Home/jre/lib/jsse.jar:/Library/Java/JavaVirtualMachines/zulu-8.jdk/Contents/Home/jre/lib/jce.jar:/Library/Java/JavaVirtualMachines/zulu-8.jdk/Contents/Home/jre/lib/charsets.jar:/Library/Java/JavaVirtualMachines/zulu-8.jdk/Contents/Home/jre/lib/jfr.jar:/Library/Java/JavaVirtualMachines/zulu-8.jdk/Contents/Home/jre/lib/cat.jar:/Library/Java/JavaVirtualMachines/zulu-8.jdk/Contents/Home/jre/classes"/>
    <property name="sun.management.compiler" value="HotSpot 64-Bit Tiered Compilers"/>
    <property name="java.runtime.version" value="1.8.0_402-b06"/>
    <property name="user.name" value="doraemon"/>
    <property name="path.separator" value=":"/>
    <property name="os.version" value="14.0"/>
    <property name="java.endorsed.dirs" value="/Library/Java/JavaVirtualMachines/zulu-8.jdk/Contents/Home/jre/lib/endorsed"/>
    <property name="java.runtime.name" value="OpenJDK Runtime Environment"/>
    <property name="file.encoding" value="UTF-8"/>
    <property name="java.vm.name" value="OpenJDK 64-Bit Server VM"/>
    <property name="localRepository" value="/Users/doraemon/Downloads/maven/apache-maven-3.9.3/dependencies"/>
    <property name="java.vendor.url.bug" value="http://www.azul.com/support/"/>
    <property name="java.io.tmpdir" value="/var/folders/q9/lw18jmdx7qz7kw1b4t1gyrd40000gn/T/"/>
    <property name="java.version" value="1.8.0_402"/>
    <property name="user.dir" value="/Users/doraemon/Desktop/DS_Lab/Lab3_Submit/quoco-ws/task4/broker"/>
    <property name="os.arch" value="aarch64"/>
    <property name="java.vm.specification.name" value="Java Virtual Machine Specification"/>
    <property name="java.awt.printerjob" value="sun.lwawt.macosx.CPrinterJob"/>
    <property name="sun.os.patch.level" value="unknown"/>
    <property name="java.library.path" value="/Users/doraemon/Library/Java/Extensions:/Library/Java/Extensions:/Network/Library/Java/Extensions:/System/Library/Java/Extensions:/usr/lib/java:."/>
    <property name="java.vm.info" value="mixed mode"/>
    <property name="java.vendor" value="Azul Systems, Inc."/>
    <property name="java.vm.version" value="25.402-b06"/>
    <property name="java.specification.maintenance.version" value="5"/>
    <property name="java.ext.dirs" value="/Users/doraemon/Library/Java/Extensions:/Library/Java/JavaVirtualMachines/zulu-8.jdk/Contents/Home/jre/lib/ext:/Library/Java/Extensions:/Network/Library/Java/Extensions:/System/Library/Java/Extensions:/usr/lib/java"/>
    <property name="sun.io.unicode.encoding" value="UnicodeBig"/>
    <property name="java.class.version" value="52.0"/>
  </properties>
  <testcase name="" classname="QuotationServiceUnitTest" time="0.178">
    <error message="服务器运行时错误: java.net.BindException: Address already in use" type="com.sun.xml.internal.ws.server.ServerRtException"><![CDATA[com.sun.xml.internal.ws.server.ServerRtException: 服务器运行时错误: java.net.BindException: Address already in use
	at com.sun.xml.internal.ws.transport.http.server.ServerMgr.createContext(ServerMgr.java:130)
	at com.sun.xml.internal.ws.transport.http.server.HttpEndpoint.publish(HttpEndpoint.java:64)
	at com.sun.xml.internal.ws.transport.http.server.EndpointImpl.publish(EndpointImpl.java:232)
	at com.sun.xml.internal.ws.spi.ProviderImpl.createAndPublishEndpoint(ProviderImpl.java:126)
	at javax.xml.ws.Endpoint.publish(Endpoint.java:240)
	at QuotationServiceUnitTest.setup(QuotationServiceUnitTest.java:23)
	at sun.reflect.NativeMethodAccessorImpl.invoke0(Native Method)
	at sun.reflect.NativeMethodAccessorImpl.invoke(NativeMethodAccessorImpl.java:62)
	at sun.reflect.DelegatingMethodAccessorImpl.invoke(DelegatingMethodAccessorImpl.java:43)
	at java.lang.reflect.Method.invoke(Method.java:498)
	at org.junit.runners.model.FrameworkMethod$1.runReflectiveCall(FrameworkMethod.java:50)
	at org.junit.internal.runners.model.ReflectiveCallable.run(ReflectiveCallable.java:12)
	at org.junit.runners.model.FrameworkMethod.invokeExplosively(FrameworkMethod.java:47)
	at org.junit.internal.runners.statements.RunBefores.evaluate(RunBefores.java:24)
	at org.junit.runners.ParentRunner.run(ParentRunner.java:363)
	at org.apache.maven.surefire.junit4.JUnit4Provider.execute(JUnit4Provider.java:316)
	at org.apache.maven.surefire.junit4.JUnit4Provider.executeWithRerun(JUnit4Provider.java:240)
	at org.apache.maven.surefire.junit4.JUnit4Provider.executeTestSet(JUnit4Provider.java:214)
	at org.apache.maven.surefire.junit4.JUnit4Provider.invoke(JUnit4Provider.java:155)
	at org.apache.maven.surefire.booter.ForkedBooter.runSuitesInProcess(ForkedBooter.java:385)
	at org.apache.maven.surefire.booter.ForkedBooter.execute(ForkedBooter.java:162)
	at org.apache.maven.surefire.booter.ForkedBooter.run(ForkedBooter.java:507)
	at org.apache.maven.surefire.booter.ForkedBooter.main(ForkedBooter.java:495)
Caused by: java.net.BindException: Address already in use
	at sun.nio.ch.Net.bind0(Native Method)
	at sun.nio.ch.Net.bind(Net.java:461)
	at sun.nio.ch.Net.bind(Net.java:453)
	at sun.nio.ch.ServerSocketChannelImpl.bind(ServerSocketChannelImpl.java:222)
	at sun.nio.ch.ServerSocketAdaptor.bind(ServerSocketAdaptor.java:85)
	at sun.net.httpserver.ServerImpl.<init>(ServerImpl.java:141)
	at sun.net.httpserver.HttpServerImpl.<init>(HttpServerImpl.java:50)
	at sun.net.httpserver.DefaultHttpServerProvider.createHttpServer(DefaultHttpServerProvider.java:35)
	at com.sun.net.httpserver.HttpServer.create(HttpServer.java:130)
	at com.sun.xml.internal.ws.transport.http.server.ServerMgr.createContext(ServerMgr.java:98)
	... 22 more
]]></error>
  </testcase>
</testsuite>